\BOOKMARK [0][-]{chapter*.2}{List of Figures}{}% 1
\BOOKMARK [0][-]{chapter*.3}{List of Tables}{}% 2
\BOOKMARK [0][-]{chapter.1}{Introduction}{}% 3
\BOOKMARK [1][-]{section.1.1}{Problem and Motivation}{chapter.1}% 4
\BOOKMARK [1][-]{section.1.2}{Objective}{chapter.1}% 5
\BOOKMARK [1][-]{section.1.3}{Dataset}{chapter.1}% 6
\BOOKMARK [1][-]{section.1.4}{Structure of the Dissertation}{chapter.1}% 7
\BOOKMARK [0][-]{chapter.2}{Background and Related Work}{}% 8
\BOOKMARK [1][-]{section.2.1}{Background}{chapter.2}% 9
\BOOKMARK [2][-]{subsection.2.1.1}{Natural Language Processing}{section.2.1}% 10
\BOOKMARK [2][-]{subsection.2.1.2}{Graph Neural Network}{section.2.1}% 11
\BOOKMARK [2][-]{subsection.2.1.3}{Link Prediction}{section.2.1}% 12
\BOOKMARK [1][-]{section.2.2}{Related Work}{chapter.2}% 13
\BOOKMARK [2][-]{subsection.2.2.1}{MHQA on Knowledge Bases and Sentences}{section.2.2}% 14
\BOOKMARK [2][-]{subsection.2.2.2}{MHQA with Attention-Based Methods}{section.2.2}% 15
\BOOKMARK [2][-]{subsection.2.2.3}{MHQA with Graph-Based Methods}{section.2.2}% 16
\BOOKMARK [0][-]{chapter.3}{Methodology}{}% 17
\BOOKMARK [1][-]{section.3.1}{Model Design}{chapter.3}% 18
\BOOKMARK [2][-]{subsection.3.1.1}{Model Without Link Predictor}{section.3.1}% 19
\BOOKMARK [2][-]{subsection.3.1.2}{Model with Link Predictor}{section.3.1}% 20
\BOOKMARK [1][-]{section.3.2}{Implementation}{chapter.3}% 21
\BOOKMARK [1][-]{section.3.3}{Testing}{chapter.3}% 22
\BOOKMARK [1][-]{section.3.4}{Contribution}{chapter.3}% 23
\BOOKMARK [0][-]{chapter.4}{Experimental Results}{}% 24
\BOOKMARK [1][-]{section.4.1}{Set-Up of Experiments}{chapter.4}% 25
\BOOKMARK [1][-]{section.4.2}{Results}{chapter.4}% 26
\BOOKMARK [1][-]{section.4.3}{Assessment}{chapter.4}% 27
\BOOKMARK [0][-]{chapter.5}{Conclusion}{}% 28
\BOOKMARK [1][-]{section.5.1}{Summary}{chapter.5}% 29
\BOOKMARK [1][-]{section.5.2}{Future Work}{chapter.5}% 30
\BOOKMARK [2][-]{subsection.5.2.1}{Encoder}{section.5.2}% 31
\BOOKMARK [2][-]{subsection.5.2.2}{Deeper GNN}{section.5.2}% 32
\BOOKMARK [2][-]{subsection.5.2.3}{Link Prediction}{section.5.2}% 33
\BOOKMARK [2][-]{subsection.5.2.4}{HotpotQA}{section.5.2}% 34
\BOOKMARK [0][-]{appendix.A}{Codes}{}% 35
\BOOKMARK [0][-]{appendix*.20}{Bibliography}{}% 36
